-------------------------------------------------------------------------------
Test set: br.com.dnkt.reactivespring.handler.SampleHandlerFunctionTest
-------------------------------------------------------------------------------
Tests run: 2, Failures: 0, Errors: 1, Skipped: 0, Time elapsed: 20.415 s <<< FAILURE! - in br.com.dnkt.reactivespring.handler.SampleHandlerFunctionTest
mono  Time elapsed: 0.006 s  <<< ERROR!
java.lang.IllegalStateException: Failed to load ApplicationContext
Caused by: org.springframework.beans.factory.UnsatisfiedDependencyException: Error creating bean with name 'itemController': Unsatisfied dependency expressed through field 'itemReactiveRepository'; nested exception is org.springframework.beans.factory.BeanCreationException: Error creating bean with name 'itemReactiveRepository' defined in br.com.dnkt.reactivespring.repository.ItemReactiveRepository defined in @EnableReactiveMongoRepositories declared on MongoReactiveRepositoriesRegistrar.EnableReactiveMongoRepositoriesConfiguration: Cannot resolve reference to bean 'reactiveMongoTemplate' while setting bean property 'reactiveMongoOperations'; nested exception is org.springframework.beans.factory.UnsatisfiedDependencyException: Error creating bean with name 'reactiveMongoTemplate' defined in class path resource [org/springframework/boot/autoconfigure/data/mongo/MongoReactiveDataAutoConfiguration.class]: Unsatisfied dependency expressed through method 'reactiveMongoTemplate' parameter 0; nested exception is org.springframework.beans.factory.UnsatisfiedDependencyException: Error creating bean with name 'reactiveMongoDatabaseFactory' defined in class path resource [org/springframework/boot/autoconfigure/data/mongo/MongoReactiveDataAutoConfiguration.class]: Unsatisfied dependency expressed through method 'reactiveMongoDatabaseFactory' parameter 1; nested exception is org.springframework.beans.factory.BeanCreationException: Error creating bean with name 'embeddedMongoServer' defined in class path resource [org/springframework/boot/autoconfigure/mongo/embedded/EmbeddedMongoAutoConfiguration.class]: Invocation of init method failed; nested exception is java.io.IOException: Could not start process: <EOF>
Caused by: org.springframework.beans.factory.BeanCreationException: Error creating bean with name 'itemReactiveRepository' defined in br.com.dnkt.reactivespring.repository.ItemReactiveRepository defined in @EnableReactiveMongoRepositories declared on MongoReactiveRepositoriesRegistrar.EnableReactiveMongoRepositoriesConfiguration: Cannot resolve reference to bean 'reactiveMongoTemplate' while setting bean property 'reactiveMongoOperations'; nested exception is org.springframework.beans.factory.UnsatisfiedDependencyException: Error creating bean with name 'reactiveMongoTemplate' defined in class path resource [org/springframework/boot/autoconfigure/data/mongo/MongoReactiveDataAutoConfiguration.class]: Unsatisfied dependency expressed through method 'reactiveMongoTemplate' parameter 0; nested exception is org.springframework.beans.factory.UnsatisfiedDependencyException: Error creating bean with name 'reactiveMongoDatabaseFactory' defined in class path resource [org/springframework/boot/autoconfigure/data/mongo/MongoReactiveDataAutoConfiguration.class]: Unsatisfied dependency expressed through method 'reactiveMongoDatabaseFactory' parameter 1; nested exception is org.springframework.beans.factory.BeanCreationException: Error creating bean with name 'embeddedMongoServer' defined in class path resource [org/springframework/boot/autoconfigure/mongo/embedded/EmbeddedMongoAutoConfiguration.class]: Invocation of init method failed; nested exception is java.io.IOException: Could not start process: <EOF>
Caused by: org.springframework.beans.factory.UnsatisfiedDependencyException: Error creating bean with name 'reactiveMongoTemplate' defined in class path resource [org/springframework/boot/autoconfigure/data/mongo/MongoReactiveDataAutoConfiguration.class]: Unsatisfied dependency expressed through method 'reactiveMongoTemplate' parameter 0; nested exception is org.springframework.beans.factory.UnsatisfiedDependencyException: Error creating bean with name 'reactiveMongoDatabaseFactory' defined in class path resource [org/springframework/boot/autoconfigure/data/mongo/MongoReactiveDataAutoConfiguration.class]: Unsatisfied dependency expressed through method 'reactiveMongoDatabaseFactory' parameter 1; nested exception is org.springframework.beans.factory.BeanCreationException: Error creating bean with name 'embeddedMongoServer' defined in class path resource [org/springframework/boot/autoconfigure/mongo/embedded/EmbeddedMongoAutoConfiguration.class]: Invocation of init method failed; nested exception is java.io.IOException: Could not start process: <EOF>
Caused by: org.springframework.beans.factory.UnsatisfiedDependencyException: Error creating bean with name 'reactiveMongoDatabaseFactory' defined in class path resource [org/springframework/boot/autoconfigure/data/mongo/MongoReactiveDataAutoConfiguration.class]: Unsatisfied dependency expressed through method 'reactiveMongoDatabaseFactory' parameter 1; nested exception is org.springframework.beans.factory.BeanCreationException: Error creating bean with name 'embeddedMongoServer' defined in class path resource [org/springframework/boot/autoconfigure/mongo/embedded/EmbeddedMongoAutoConfiguration.class]: Invocation of init method failed; nested exception is java.io.IOException: Could not start process: <EOF>
Caused by: org.springframework.beans.factory.BeanCreationException: Error creating bean with name 'embeddedMongoServer' defined in class path resource [org/springframework/boot/autoconfigure/mongo/embedded/EmbeddedMongoAutoConfiguration.class]: Invocation of init method failed; nested exception is java.io.IOException: Could not start process: <EOF>
Caused by: java.io.IOException: Could not start process: <EOF>

