<?xml version="1.0" encoding="UTF-8"?>
<testsuite xmlns:xsi="http://www.w3.org/2001/XMLSchema-instance" xsi:noNamespaceSchemaLocation="https://maven.apache.org/surefire/maven-surefire-plugin/xsd/surefire-test-report.xsd" name="br.com.dnkt.reactivespring.fluxandmonoplayground.FluxAndMonoWithTimeTest" time="6.726" tests="4" errors="0" skipped="0" failures="0">
  <properties>
[...]
</properties>
  <testcase name="infiniteSequence" classname="br.com.dnkt.reactivespring.fluxandmonoplayground.FluxAndMonoWithTimeTest" time="2.996"/>
  <testcase name="infiniteSequenceMap" classname="br.com.dnkt.reactivespring.fluxandmonoplayground.FluxAndMonoWithTimeTest" time="0.309"/>
  <testcase name="infiniteSequenceMap_withDelay" classname="br.com.dnkt.reactivespring.fluxandmonoplayground.FluxAndMonoWithTimeTest" time="3.113"/>
  <testcase name="infiniteSequenceTest" classname="br.com.dnkt.reactivespring.fluxandmonoplayground.FluxAndMonoWithTimeTest" time="0.307"/>
</testsuite>